
Showing logs for build [32mcb-kubecd-environment-pr-239-9-9l6f4-1[0m stage [32mfrom-build-pack[0m and container [32mstep-credential-initializer-qqpsf[0m
{"level":"info","ts":1592623191.007672,"logger":"fallback-logger","caller":"logging/config.go:69","msg":"Fetch GitHub commit ID from kodata failed: open /var/run/ko/refs/heads/0.8.0-ns-support: no such file or directory"}
{"level":"info","ts":1592623191.0084617,"logger":"fallback-logger","caller":"creds-init/main.go:40","msg":"Credentials initialized."}

Showing logs for build [32mcb-kubecd-environment-pr-239-9-9l6f4-1[0m stage [32mfrom-build-pack[0m and container [32mstep-working-dir-initializer-x599m[0m
{"level":"info","ts":1592623192.8026767,"logger":"fallback-logger","caller":"logging/config.go:69","msg":"Fetch GitHub commit ID from kodata failed: open /var/run/ko/HEAD: no such file or directory"}
{"level":"info","ts":1592623192.804256,"logger":"fallback-logger","caller":"bash/main.go:64","msg":"Successfully executed command \"sh -c mkdir -p /workspace/source\"; output "}

Showing logs for build [32mcb-kubecd-environment-pr-239-9-9l6f4-1[0m stage [32mfrom-build-pack[0m and container [32mstep-place-tools[0m

Showing logs for build [32mcb-kubecd-environment-pr-239-9-9l6f4-1[0m stage [32mfrom-build-pack[0m and container [32mstep-git-source-cb-kubecd-environment-pr-239-9-9l6f4-4pj4c[0m
{"level":"info","ts":1592623198.2164116,"logger":"fallback-logger","caller":"logging/config.go:69","msg":"Fetch GitHub commit ID from kodata failed: open /var/run/ko/refs/heads/0.8.0-ns-support: no such file or directory"}
{"level":"info","ts":1592623199.2822003,"logger":"fallback-logger","caller":"git/git.go:103","msg":"Successfully cloned https://github.com/cb-kubecd/environment-pr-239-9-boot-vault-gke-staging.git @ master in path /workspace/source"}

Showing logs for build [32mcb-kubecd-environment-pr-239-9-9l6f4-1[0m stage [32mfrom-build-pack[0m and container [32mstep-git-merge[0m
Using SHAs from PULL_REFS=master:eba1192b95de012adc45a0c51b416ca65028f6f4,3:d4b7023fff5c40c3072ae2c597c609f5e7dae656
DEBUG: LC_ALL=C JX_LOG_LEVEL=error git fetch origin --unshallow d4b7023fff5c40c3072ae2c597c609f5e7dae656: eba1192b95de012adc45a0c51b416ca65028f6f4:
DEBUG: ran git fetch --unshallow origin d4b7023fff5c40c3072ae2c597c609f5e7dae656: eba1192b95de012adc45a0c51b416ca65028f6f4: in 
DEBUG: LC_ALL=C JX_LOG_LEVEL=error git branch
DEBUG: LC_ALL=C JX_LOG_LEVEL=error git checkout master
DEBUG: ran git checkout master in 
DEBUG: LC_ALL=C JX_LOG_LEVEL=error git reset --hard eba1192b95de012adc45a0c51b416ca65028f6f4
DEBUG: ran git reset --hard eba1192b95de012adc45a0c51b416ca65028f6f4 in 
DEBUG: LC_ALL=C JX_LOG_LEVEL=error git clean -fd .
DEBUG: ran clean --force -d . in 
DEBUG: LC_ALL=C JX_LOG_LEVEL=error git merge d4b7023fff5c40c3072ae2c597c609f5e7dae656
DEBUG: ran git merge d4b7023fff5c40c3072ae2c597c609f5e7dae656 in 
DEBUG: LC_ALL=C JX_LOG_LEVEL=error git log --format=%H%x1f%an%x1f%ae%x1f%cn%x1f%ce%x1f%s%n%b%x1e eba1192b95de012adc45a0c51b416ca65028f6f4..HEAD
Merged SHA d4b7023fff5c40c3072ae2c597c609f5e7dae656 with commit message 'chore: Promote bdd-sbhg-1592621889 to version 0.0.1' into base branch master

Showing logs for build [32mcb-kubecd-environment-pr-239-9-9l6f4-1[0m stage [32mfrom-build-pack[0m and container [32mstep-build-helm-build[0m
WARNING: No $CHART_REPOSITORY defined so using the default value of: http://jenkins-x-chartmuseum:8080
Adding missing Helm repo: storage.googleapis.com https://storage.googleapis.com/chartmuseum.jenkins-x.io
WARNING: No secrets found on "helm/repos" due: reading the secret "helm/repos" from vault: no secret "helm/repos" not found in vault
Read credentials for https://storage.googleapis.com/chartmuseum.jenkins-x.io from vault helm/repos
Successfully added Helm repository storage.googleapis.com.
Adding missing Helm repo: jenkins-x-chartmuseum http://jenkins-x-chartmuseum:8080
WARNING: No secrets found on "helm/repos" due: reading the secret "helm/repos" from vault: no secret "helm/repos" not found in vault
Read credentials for http://jenkins-x-chartmuseum:8080 from vault helm/repos
Successfully added Helm repository jenkins-x-chartmuseum.
WARNING: No $CHART_REPOSITORY defined so using the default value of: http://jenkins-x-chartmuseum:8080
Adding missing Helm repo: chartmuseum.jenkins-x.io http://chartmuseum.jenkins-x.io
WARNING: No secrets found on "helm/repos" due: reading the secret "helm/repos" from vault: no secret "helm/repos" not found in vault
Read credentials for http://chartmuseum.jenkins-x.io from vault helm/repos
Successfully added Helm repository chartmuseum.jenkins-x.io.
