
Showing logs for build [32mcb-kubecd-environment-pr-239-9-55h9j-1[0m stage [32mfrom-build-pack[0m and container [32mstep-credential-initializer-sbmcs[0m
{"level":"info","ts":1592622101.2517736,"logger":"fallback-logger","caller":"logging/config.go:69","msg":"Fetch GitHub commit ID from kodata failed: open /var/run/ko/refs/heads/0.8.0-ns-support: no such file or directory"}
{"level":"info","ts":1592622101.252408,"logger":"fallback-logger","caller":"creds-init/main.go:40","msg":"Credentials initialized."}

Showing logs for build [32mcb-kubecd-environment-pr-239-9-55h9j-1[0m stage [32mfrom-build-pack[0m and container [32mstep-working-dir-initializer-2f6jz[0m
{"level":"info","ts":1592622102.278899,"logger":"fallback-logger","caller":"logging/config.go:69","msg":"Fetch GitHub commit ID from kodata failed: open /var/run/ko/HEAD: no such file or directory"}
{"level":"info","ts":1592622102.2804918,"logger":"fallback-logger","caller":"bash/main.go:64","msg":"Successfully executed command \"sh -c mkdir -p /workspace/source\"; output "}

Showing logs for build [32mcb-kubecd-environment-pr-239-9-55h9j-1[0m stage [32mfrom-build-pack[0m and container [32mstep-place-tools[0m

Showing logs for build [32mcb-kubecd-environment-pr-239-9-55h9j-1[0m stage [32mfrom-build-pack[0m and container [32mstep-git-source-cb-kubecd-environment-pr-239-9-55h9j-kkb9f[0m
{"level":"info","ts":1592622105.3891602,"logger":"fallback-logger","caller":"logging/config.go:69","msg":"Fetch GitHub commit ID from kodata failed: open /var/run/ko/refs/heads/0.8.0-ns-support: no such file or directory"}
{"level":"info","ts":1592622106.477479,"logger":"fallback-logger","caller":"git/git.go:103","msg":"Successfully cloned https://github.com/cb-kubecd/environment-pr-239-9-boot-vault-gke-staging.git @ master in path /workspace/source"}

Showing logs for build [32mcb-kubecd-environment-pr-239-9-55h9j-1[0m stage [32mfrom-build-pack[0m and container [32mstep-git-merge[0m
Using SHAs from PULL_REFS=master:e326368f7cb9d3ccd84e9b9a4868918e8f62d0c2,2:31a73bc227cd2ffc4ee8d7bd2be2e41037bc9dbb
DEBUG: LC_ALL=C JX_LOG_LEVEL=error git fetch origin --unshallow 31a73bc227cd2ffc4ee8d7bd2be2e41037bc9dbb: e326368f7cb9d3ccd84e9b9a4868918e8f62d0c2:
DEBUG: ran git fetch --unshallow origin 31a73bc227cd2ffc4ee8d7bd2be2e41037bc9dbb: e326368f7cb9d3ccd84e9b9a4868918e8f62d0c2: in 
DEBUG: LC_ALL=C JX_LOG_LEVEL=error git branch
DEBUG: JX_LOG_LEVEL=error LC_ALL=C git checkout master
DEBUG: ran git checkout master in 
DEBUG: LC_ALL=C JX_LOG_LEVEL=error git reset --hard e326368f7cb9d3ccd84e9b9a4868918e8f62d0c2
DEBUG: ran git reset --hard e326368f7cb9d3ccd84e9b9a4868918e8f62d0c2 in 
DEBUG: LC_ALL=C JX_LOG_LEVEL=error git clean -fd .
DEBUG: ran clean --force -d . in 
DEBUG: LC_ALL=C JX_LOG_LEVEL=error git merge 31a73bc227cd2ffc4ee8d7bd2be2e41037bc9dbb
DEBUG: ran git merge 31a73bc227cd2ffc4ee8d7bd2be2e41037bc9dbb in 
DEBUG: LC_ALL=C JX_LOG_LEVEL=error git log --format=%H%x1f%an%x1f%ae%x1f%cn%x1f%ce%x1f%s%n%b%x1e e326368f7cb9d3ccd84e9b9a4868918e8f62d0c2..HEAD
Merged SHA 31a73bc227cd2ffc4ee8d7bd2be2e41037bc9dbb with commit message 'chore: Promote bdd-nh-1592621889 to version 0.0.1' into base branch master

Showing logs for build [32mcb-kubecd-environment-pr-239-9-55h9j-1[0m stage [32mfrom-build-pack[0m and container [32mstep-build-helm-build[0m
WARNING: No $CHART_REPOSITORY defined so using the default value of: http://jenkins-x-chartmuseum:8080
Adding missing Helm repo: storage.googleapis.com https://storage.googleapis.com/chartmuseum.jenkins-x.io
WARNING: No secrets found on "helm/repos" due: reading the secret "helm/repos" from vault: no secret "helm/repos" not found in vault
Read credentials for https://storage.googleapis.com/chartmuseum.jenkins-x.io from vault helm/repos
Successfully added Helm repository storage.googleapis.com.
Adding missing Helm repo: jenkins-x-chartmuseum http://jenkins-x-chartmuseum:8080
WARNING: No secrets found on "helm/repos" due: reading the secret "helm/repos" from vault: no secret "helm/repos" not found in vault
Read credentials for http://jenkins-x-chartmuseum:8080 from vault helm/repos
Successfully added Helm repository jenkins-x-chartmuseum.
WARNING: No $CHART_REPOSITORY defined so using the default value of: http://jenkins-x-chartmuseum:8080
Adding missing Helm repo: chartmuseum.jenkins-x.io http://chartmuseum.jenkins-x.io
WARNING: No secrets found on "helm/repos" due: reading the secret "helm/repos" from vault: no secret "helm/repos" not found in vault
Read credentials for http://chartmuseum.jenkins-x.io from vault helm/repos
Successfully added Helm repository chartmuseum.jenkins-x.io.
